#! /usr/bin/vvp
:ivl_version "10.3 (stable)";
:ivl_delay_selection "TYPICAL";
:vpi_time_precision + 0;
:vpi_module "system";
:vpi_module "vhdl_sys";
:vpi_module "v2005_math";
:vpi_module "va_math";
S_0x5614a8944ba0 .scope module, "gcd_behavioraltb" "gcd_behavioraltb" 2 2;
 .timescale 0 0;
v0x5614a895ab50_0 .var "AR", 15 0;
v0x5614a895ac10_0 .var "AR1", 15 0;
v0x5614a895ace0_0 .var "BR", 15 0;
v0x5614a895ade0_0 .var "BR1", 15 0;
v0x5614a895aeb0_0 .net "out", 15 0, v0x5614a8959f70_0;  1 drivers
v0x5614a895afa0_0 .net "out1", 15 0, v0x5614a895a8c0_0;  1 drivers
S_0x5614a8944d20 .scope module, "gcd_unit" "GCD_behavioral" 2 7, 3 1 0, S_0x5614a8944ba0;
 .timescale 0 0;
    .port_info 0 /INPUT 16 "AR"
    .port_info 1 /INPUT 16 "BR"
    .port_info 2 /OUTPUT 16 "out"
P_0x5614a890d070 .param/l "W" 0 3 1, +C4<00000000000000000000000000010000>;
v0x5614a890d160_0 .var "A", 15 0;
v0x5614a8959cc0_0 .net "AR", 15 0, v0x5614a895ab50_0;  1 drivers
v0x5614a8959da0_0 .var "B", 15 0;
v0x5614a8959e90_0 .net "BR", 15 0, v0x5614a895ace0_0;  1 drivers
v0x5614a8959f70_0 .var "out", 15 0;
v0x5614a895a0a0_0 .var "swap", 15 0;
E_0x5614a8942ec0/0 .event edge, v0x5614a8959cc0_0, v0x5614a8959e90_0, v0x5614a890d160_0, v0x5614a8959da0_0;
E_0x5614a8942ec0/1 .event edge, v0x5614a895a0a0_0;
E_0x5614a8942ec0 .event/or E_0x5614a8942ec0/0, E_0x5614a8942ec0/1;
S_0x5614a895a200 .scope module, "gcd_unit1" "GCD_behavioral" 2 18, 3 1 0, S_0x5614a8944ba0;
 .timescale 0 0;
    .port_info 0 /INPUT 16 "AR"
    .port_info 1 /INPUT 16 "BR"
    .port_info 2 /OUTPUT 16 "out"
P_0x5614a895a3d0 .param/l "W" 0 3 1, +C4<00000000000000000000000000010000>;
v0x5614a895a510_0 .var "A", 15 0;
v0x5614a895a610_0 .net "AR", 15 0, v0x5614a895ac10_0;  1 drivers
v0x5614a895a6f0_0 .var "B", 15 0;
v0x5614a895a7e0_0 .net "BR", 15 0, v0x5614a895ade0_0;  1 drivers
v0x5614a895a8c0_0 .var "out", 15 0;
v0x5614a895a9f0_0 .var "swap", 15 0;
E_0x5614a8942550/0 .event edge, v0x5614a895a610_0, v0x5614a895a7e0_0, v0x5614a895a510_0, v0x5614a895a6f0_0;
E_0x5614a8942550/1 .event edge, v0x5614a895a9f0_0;
E_0x5614a8942550 .event/or E_0x5614a8942550/0, E_0x5614a8942550/1;
    .scope S_0x5614a8944d20;
T_0 ;
    %wait E_0x5614a8942ec0;
    %load/vec4 v0x5614a8959cc0_0;
    %store/vec4 v0x5614a890d160_0, 0, 16;
    %load/vec4 v0x5614a8959e90_0;
    %store/vec4 v0x5614a8959da0_0, 0, 16;
T_0.0 ;
    %load/vec4 v0x5614a8959da0_0;
    %pad/u 32;
    %cmpi/ne 0, 0, 32;
    %jmp/0xz T_0.1, 4;
    %load/vec4 v0x5614a890d160_0;
    %load/vec4 v0x5614a8959da0_0;
    %cmp/u;
    %jmp/0xz  T_0.2, 5;
    %load/vec4 v0x5614a890d160_0;
    %store/vec4 v0x5614a895a0a0_0, 0, 16;
    %load/vec4 v0x5614a8959da0_0;
    %store/vec4 v0x5614a890d160_0, 0, 16;
    %load/vec4 v0x5614a895a0a0_0;
    %store/vec4 v0x5614a8959da0_0, 0, 16;
T_0.2 ;
    %load/vec4 v0x5614a890d160_0;
    %load/vec4 v0x5614a8959da0_0;
    %sub;
    %store/vec4 v0x5614a890d160_0, 0, 16;
    %jmp T_0.0;
T_0.1 ;
    %load/vec4 v0x5614a890d160_0;
    %store/vec4 v0x5614a8959f70_0, 0, 16;
    %jmp T_0;
    .thread T_0, $push;
    .scope S_0x5614a895a200;
T_1 ;
    %wait E_0x5614a8942550;
    %load/vec4 v0x5614a895a610_0;
    %store/vec4 v0x5614a895a510_0, 0, 16;
    %load/vec4 v0x5614a895a7e0_0;
    %store/vec4 v0x5614a895a6f0_0, 0, 16;
T_1.0 ;
    %load/vec4 v0x5614a895a6f0_0;
    %pad/u 32;
    %cmpi/ne 0, 0, 32;
    %jmp/0xz T_1.1, 4;
    %load/vec4 v0x5614a895a510_0;
    %load/vec4 v0x5614a895a6f0_0;
    %cmp/u;
    %jmp/0xz  T_1.2, 5;
    %load/vec4 v0x5614a895a510_0;
    %store/vec4 v0x5614a895a9f0_0, 0, 16;
    %load/vec4 v0x5614a895a6f0_0;
    %store/vec4 v0x5614a895a510_0, 0, 16;
    %load/vec4 v0x5614a895a9f0_0;
    %store/vec4 v0x5614a895a6f0_0, 0, 16;
T_1.2 ;
    %load/vec4 v0x5614a895a510_0;
    %load/vec4 v0x5614a895a6f0_0;
    %sub;
    %store/vec4 v0x5614a895a510_0, 0, 16;
    %jmp T_1.0;
T_1.1 ;
    %load/vec4 v0x5614a895a510_0;
    %store/vec4 v0x5614a895a8c0_0, 0, 16;
    %jmp T_1;
    .thread T_1, $push;
    .scope S_0x5614a8944ba0;
T_2 ;
    %vpi_call 2 9 "$dumpvars", 32'sb00000000000000000000000000000000, S_0x5614a8944ba0 {0 0 0};
    %vpi_call 2 10 "$dumpfile", "dump.vcd" {0 0 0};
    %end;
    .thread T_2;
    .scope S_0x5614a8944ba0;
T_3 ;
    %pushi/vec4 27, 0, 16;
    %store/vec4 v0x5614a895ab50_0, 0, 16;
    %pushi/vec4 19, 0, 16;
    %store/vec4 v0x5614a895ace0_0, 0, 16;
    %delay 10, 0;
    %vpi_call 2 15 "$display", "gcd(27 , 19) = %x", v0x5614a895aeb0_0 {0 0 0};
    %vpi_call 2 16 "$finish" {0 0 0};
    %end;
    .thread T_3;
    .scope S_0x5614a8944ba0;
T_4 ;
    %pushi/vec4 24, 0, 16;
    %store/vec4 v0x5614a895ac10_0, 0, 16;
    %pushi/vec4 16, 0, 16;
    %store/vec4 v0x5614a895ade0_0, 0, 16;
    %delay 10, 0;
    %vpi_call 2 22 "$display", "gcd(24 , 16) = %x", v0x5614a895afa0_0 {0 0 0};
    %vpi_call 2 23 "$finish" {0 0 0};
    %end;
    .thread T_4;
# The file index is used to find the file name in the following table.
:file_names 4;
    "N/A";
    "<interactive>";
    "behavioralgcd_tb.v";
    "./behavioralgcd.v";
