#! /usr/bin/vvp
:ivl_version "10.3 (stable)";
:ivl_delay_selection "TYPICAL";
:vpi_time_precision + 0;
:vpi_module "system";
:vpi_module "vhdl_sys";
:vpi_module "v2005_math";
:vpi_module "va_math";
S_0x557e0d6e7070 .scope module, "DP_tb" "DP_tb" 2 3;
 .timescale 0 0;
v0x557e0d73f510_0 .var "LoadXR", 0 0;
v0x557e0d73f5d0_0 .var "LoadYR", 0 0;
v0x557e0d73f670_0 .var "SelectXY", 0 0;
v0x557e0d73f710_0 .var "Subtract", 0 0;
v0x557e0d73f7b0_0 .var "Swap", 0 0;
v0x557e0d73f850_0 .var "X", 5 0;
v0x557e0d73f920_0 .net "XR", 5 0, v0x557e0d73d670_0;  1 drivers
v0x557e0d73f9f0_0 .net "XR_gt_0", 0 0, L_0x557e0d7511b0;  1 drivers
v0x557e0d73fac0_0 .net "XR_gt_YR", 0 0, L_0x557e0d750d70;  1 drivers
v0x557e0d73fb90_0 .var "Y", 5 0;
v0x557e0d73fc60_0 .net "YR", 5 0, v0x557e0d73d810_0;  1 drivers
v0x557e0d73fd30_0 .net "Z", 5 0, L_0x557e0d740700;  1 drivers
v0x557e0d73fe00_0 .var "clock", 0 0;
v0x557e0d73fed0_0 .var "reset", 0 0;
S_0x557e0d6e71f0 .scope module, "DUT" "DataPath" 2 17, 3 1 0, S_0x557e0d6e7070;
 .timescale 0 0;
    .port_info 0 /OUTPUT 6 "Out"
    .port_info 1 /OUTPUT 1 "K1"
    .port_info 2 /OUTPUT 1 "K2"
    .port_info 3 /OUTPUT 6 "AR"
    .port_info 4 /OUTPUT 6 "BR"
    .port_info 5 /INPUT 6 "A"
    .port_info 6 /INPUT 6 "B"
    .port_info 7 /INPUT 1 "reset"
    .port_info 8 /INPUT 1 "subract"
    .port_info 9 /INPUT 1 "swap"
    .port_info 10 /INPUT 1 "selectxy"
    .port_info 11 /INPUT 1 "loadxr"
    .port_info 12 /INPUT 1 "loadyr"
    .port_info 13 /INPUT 1 "clk"
L_0x557e0d70ec70 .functor BUFZ 6, v0x557e0d73d670_0, C4<000000>, C4<000000>, C4<000000>;
L_0x557e0d740640 .functor BUFZ 6, v0x557e0d73d810_0, C4<000000>, C4<000000>, C4<000000>;
L_0x557e0d740700 .functor BUFZ 6, L_0x557e0d740640, C4<000000>, C4<000000>, C4<000000>;
v0x557e0d711e40_0 .net "A", 5 0, v0x557e0d73f850_0;  1 drivers
v0x557e0d73d670_0 .var "AR", 5 0;
v0x557e0d73d750_0 .net "B", 5 0, v0x557e0d73fb90_0;  1 drivers
v0x557e0d73d810_0 .var "BR", 5 0;
v0x557e0d73d8f0_0 .net "K1", 0 0, L_0x557e0d750d70;  alias, 1 drivers
v0x557e0d73da00_0 .net "K2", 0 0, L_0x557e0d7511b0;  alias, 1 drivers
v0x557e0d73dac0_0 .net "Out", 5 0, L_0x557e0d740700;  alias, 1 drivers
v0x557e0d73dba0_0 .net *"_s0", 5 0, L_0x557e0d73ffa0;  1 drivers
v0x557e0d73dc80_0 .net *"_s18", 31 0, L_0x557e0d7409a0;  1 drivers
v0x557e0d73dd60_0 .net *"_s2", 5 0, L_0x557e0d7400c0;  1 drivers
L_0x7f9c29916018 .functor BUFT 1, C4<00000000000000000000000000>, C4<0>, C4<0>, C4<0>;
v0x557e0d73de40_0 .net *"_s21", 25 0, L_0x7f9c29916018;  1 drivers
L_0x7f9c29916060 .functor BUFT 1, C4<00000000000000000000000000000000>, C4<0>, C4<0>, C4<0>;
v0x557e0d73df20_0 .net/2u *"_s22", 31 0, L_0x7f9c29916060;  1 drivers
v0x557e0d73e000_0 .net *"_s24", 0 0, L_0x557e0d750a50;  1 drivers
L_0x7f9c299160a8 .functor BUFT 1, C4<01>, C4<0>, C4<0>, C4<0>;
v0x557e0d73e0c0_0 .net/2s *"_s26", 1 0, L_0x7f9c299160a8;  1 drivers
L_0x7f9c299160f0 .functor BUFT 1, C4<00>, C4<0>, C4<0>, C4<0>;
v0x557e0d73e1a0_0 .net/2s *"_s28", 1 0, L_0x7f9c299160f0;  1 drivers
v0x557e0d73e280_0 .net *"_s30", 1 0, L_0x557e0d750be0;  1 drivers
v0x557e0d73e360_0 .net *"_s34", 0 0, L_0x557e0d750f10;  1 drivers
L_0x7f9c29916138 .functor BUFT 1, C4<01>, C4<0>, C4<0>, C4<0>;
v0x557e0d73e420_0 .net/2s *"_s36", 1 0, L_0x7f9c29916138;  1 drivers
L_0x7f9c29916180 .functor BUFT 1, C4<00>, C4<0>, C4<0>, C4<0>;
v0x557e0d73e500_0 .net/2s *"_s38", 1 0, L_0x7f9c29916180;  1 drivers
v0x557e0d73e5e0_0 .net *"_s40", 1 0, L_0x557e0d750fb0;  1 drivers
v0x557e0d73e6c0_0 .net *"_s6", 5 0, L_0x557e0d740340;  1 drivers
v0x557e0d73e7a0_0 .net "clk", 0 0, v0x557e0d73fe00_0;  1 drivers
v0x557e0d73e860_0 .net "loadxr", 0 0, v0x557e0d73f510_0;  1 drivers
v0x557e0d73e920_0 .net "loadyr", 0 0, v0x557e0d73f5d0_0;  1 drivers
v0x557e0d73e9e0_0 .net "reg_AR_in", 5 0, L_0x557e0d740200;  1 drivers
v0x557e0d73eac0_0 .net "reg_AR_out", 5 0, L_0x557e0d70ec70;  1 drivers
v0x557e0d73eba0_0 .net "reg_BR_in", 5 0, L_0x557e0d7404b0;  1 drivers
v0x557e0d73ec80_0 .net "reg_BR_out", 5 0, L_0x557e0d740640;  1 drivers
v0x557e0d73ed60_0 .net "reset", 0 0, v0x557e0d73fed0_0;  1 drivers
v0x557e0d73ee20_0 .net "selectxy", 0 0, v0x557e0d73f670_0;  1 drivers
v0x557e0d73eee0_0 .net "sub_out", 5 0, L_0x557e0d7407c0;  1 drivers
v0x557e0d73efc0_0 .net "subract", 0 0, v0x557e0d73f710_0;  1 drivers
v0x557e0d73f080_0 .net "swap", 0 0, v0x557e0d73f7b0_0;  1 drivers
E_0x557e0d723000 .event posedge, v0x557e0d73e7a0_0;
L_0x557e0d73ffa0 .functor MUXZ 6, L_0x557e0d70ec70, v0x557e0d73f850_0, v0x557e0d73f670_0, C4<>;
L_0x557e0d7400c0 .functor MUXZ 6, L_0x557e0d73ffa0, L_0x557e0d740640, v0x557e0d73f7b0_0, C4<>;
L_0x557e0d740200 .functor MUXZ 6, L_0x557e0d7400c0, L_0x557e0d7407c0, v0x557e0d73f710_0, C4<>;
L_0x557e0d740340 .functor MUXZ 6, L_0x557e0d740640, v0x557e0d73fb90_0, v0x557e0d73f670_0, C4<>;
L_0x557e0d7404b0 .functor MUXZ 6, L_0x557e0d740340, L_0x557e0d70ec70, v0x557e0d73f7b0_0, C4<>;
L_0x557e0d7407c0 .arith/sub 6, L_0x557e0d70ec70, L_0x557e0d740640;
L_0x557e0d7409a0 .concat [ 6 26 0 0], L_0x557e0d70ec70, L_0x7f9c29916018;
L_0x557e0d750a50 .cmp/gt 32, L_0x557e0d7409a0, L_0x7f9c29916060;
L_0x557e0d750be0 .functor MUXZ 2, L_0x7f9c299160f0, L_0x7f9c299160a8, L_0x557e0d750a50, C4<>;
L_0x557e0d750d70 .part L_0x557e0d750be0, 0, 1;
L_0x557e0d750f10 .cmp/ge 6, L_0x557e0d70ec70, L_0x557e0d740640;
L_0x557e0d750fb0 .functor MUXZ 2, L_0x7f9c29916180, L_0x7f9c29916138, L_0x557e0d750f10, C4<>;
L_0x557e0d7511b0 .part L_0x557e0d750fb0, 0, 1;
    .scope S_0x557e0d6e71f0;
T_0 ;
    %wait E_0x557e0d723000;
    %load/vec4 v0x557e0d73ed60_0;
    %load/vec4 v0x557e0d73e860_0;
    %and;
    %flag_set/vec4 8;
    %jmp/0xz  T_0.0, 8;
    %pushi/vec4 0, 0, 6;
    %assign/vec4 v0x557e0d73d670_0, 0;
    %jmp T_0.1;
T_0.0 ;
    %load/vec4 v0x557e0d73e860_0;
    %flag_set/vec4 8;
    %jmp/0xz  T_0.2, 8;
    %load/vec4 v0x557e0d73e9e0_0;
    %assign/vec4 v0x557e0d73d670_0, 0;
T_0.2 ;
T_0.1 ;
    %jmp T_0;
    .thread T_0;
    .scope S_0x557e0d6e71f0;
T_1 ;
    %wait E_0x557e0d723000;
    %load/vec4 v0x557e0d73ed60_0;
    %load/vec4 v0x557e0d73e920_0;
    %and;
    %flag_set/vec4 8;
    %jmp/0xz  T_1.0, 8;
    %pushi/vec4 0, 0, 6;
    %assign/vec4 v0x557e0d73d810_0, 0;
    %jmp T_1.1;
T_1.0 ;
    %load/vec4 v0x557e0d73e860_0;
    %flag_set/vec4 8;
    %jmp/0xz  T_1.2, 8;
    %load/vec4 v0x557e0d73e9e0_0;
    %assign/vec4 v0x557e0d73d810_0, 0;
T_1.2 ;
T_1.1 ;
    %jmp T_1;
    .thread T_1;
    .scope S_0x557e0d6e7070;
T_2 ;
    %vpi_call 2 13 "$dumpfile", "DP_tb.vcd" {0 0 0};
    %vpi_call 2 14 "$dumpvars", 32'sb00000000000000000000000000000000, S_0x557e0d6e7070 {0 0 0};
    %end;
    .thread T_2;
    .scope S_0x557e0d6e7070;
T_3 ;
    %pushi/vec4 1, 0, 1;
    %store/vec4 v0x557e0d73fed0_0, 0, 1;
    %pushi/vec4 0, 0, 1;
    %store/vec4 v0x557e0d73f710_0, 0, 1;
    %pushi/vec4 0, 0, 1;
    %store/vec4 v0x557e0d73f7b0_0, 0, 1;
    %pushi/vec4 1, 0, 1;
    %store/vec4 v0x557e0d73f670_0, 0, 1;
    %pushi/vec4 1, 0, 1;
    %store/vec4 v0x557e0d73f510_0, 0, 1;
    %pushi/vec4 1, 0, 1;
    %store/vec4 v0x557e0d73f5d0_0, 0, 1;
    %pushi/vec4 1, 0, 6;
    %store/vec4 v0x557e0d73f850_0, 0, 6;
    %pushi/vec4 2, 0, 6;
    %store/vec4 v0x557e0d73fb90_0, 0, 6;
    %delay 6, 0;
    %pushi/vec4 0, 0, 1;
    %store/vec4 v0x557e0d73fed0_0, 0, 1;
    %delay 200, 0;
    %vpi_call 2 31 "$finish" {0 0 0};
    %end;
    .thread T_3;
    .scope S_0x557e0d6e7070;
T_4 ;
    %pushi/vec4 1, 0, 1;
    %store/vec4 v0x557e0d73fe00_0, 0, 1;
    %end;
    .thread T_4;
    .scope S_0x557e0d6e7070;
T_5 ;
    %delay 5, 0;
    %load/vec4 v0x557e0d73fe00_0;
    %inv;
    %store/vec4 v0x557e0d73fe00_0, 0, 1;
    %jmp T_5;
    .thread T_5;
# The file index is used to find the file name in the following table.
:file_names 4;
    "N/A";
    "<interactive>";
    "Datapath_tb.v";
    "./Datapath.v";
